build/app/outputs/mapping/release/mapping.txt
# compiler: R8
# compiler_version: 1.5.64
# min_api: 21
# pg_map_id: b496c5d
com.littlemakers.MainActivity -> com.littlemakers.MainActivity:
    void configureFlutterEngine(io.flutter.embedding.engine.FlutterEngine) -> b
...
androidx.core.provider.SelfDestructiveThread$ReplyCallback -> b.e.l.c$d:
    void onReply(java.lang.Object) -> a
androidx.core.text.BidiFormatter -> b.e.m.a:
    java.lang.String RLM_STRING -> f
    androidx.core.text.BidiFormatter DEFAULT_LTR_INSTANCE -> g
    androidx.core.text.TextDirectionHeuristicCompat DEFAULT_TEXT_DIRECTION_HEURISTIC -> d
    androidx.core.text.TextDirectionHeuristicCompat mDefaultTextDirectionHeuristicCompat -> c
    boolean mIsRtlContext -> a
    int mFlags -> b
    androidx.core.text.BidiFormatter DEFAULT_RTL_INSTANCE -> h
    java.lang.String LRM_STRING -> e
    boolean getStereoReset() -> a
    boolean isRtlLocale(java.util.Locale) -> a
    java.lang.String markAfter(java.lang.CharSequence,androidx.core.text.TextDirectionHeuristicCompat) -> a
    java.lang.CharSequence unicodeWrap(java.lang.CharSequence) -> a
    java.lang.CharSequence unicodeWrap(java.lang.CharSequence,androidx.core.text.TextDirectionHeuristicCompat,boolean) -> a
    int getEntryDir(java.lang.CharSequence) -> b
    androidx.core.text.BidiFormatter getInstance() -> b
    java.lang.String markBefore(java.lang.CharSequence,androidx.core.text.TextDirectionHeuristicCompat) -> b
    int getExitDir(java.lang.CharSequence) -> c
androidx.core.text.BidiFormatter$Builder -> b.e.m.a$a:
    androidx.core.text.TextDirectionHeuristicCompat mTextDirectionHeuristicCompat -> c
    boolean mIsRtlContext -> a
    int mFlags -> b
    androidx.core.text.BidiFormatter build() -> a
    androidx.core.text.BidiFormatter getDefaultInstanceFromContext(boolean) -> a
    void initialize(boolean) -> b
androidx.core.text.BidiFormatter$DirectionalityEstimator -> b.e.m.a$b:
    java.lang.CharSequence text -> a
    int charIndex -> d
    boolean isHtml -> b
    int length -> c
    byte[] DIR_TYPE_CACHE -> f
    char lastChar -> e
    byte dirTypeBackward() -> a
    byte getCachedDirectionality(char) -> a
    byte dirTypeForward() -> b
    int getEntryDir() -> c
    int getExitDir() -> d
    byte skipEntityBackward() -> e
    byte skipEntityForward() -> f
    byte skipTagBackward() -> g
    byte skipTagForward() -> h
androidx.core.text.ICUCompat -> b.e.m.b:
    java.lang.reflect.Method sGetScriptMethod -> a
    java.lang.reflect.Method sAddLikelySubtagsMethod -> b
    java.lang.String addLikelySubtags(java.util.Locale) -> a
    java.lang.String getScript(java.lang.String) -> a
    java.lang.String maximizeAndGetScript(java.util.Locale) -> b
androidx.core.text.PrecomputedTextCompat -> b.e.m.c:
    android.text.Spannable mText -> b
    androidx.core.text.PrecomputedTextCompat$Params mParams -> c
    android.text.PrecomputedText mWrapped -> d
    androidx.core.text.PrecomputedTextCompat$Params getParams() -> a
    android.text.PrecomputedText getPrecomputedText() -> b
androidx.core.text.PrecomputedTextCompat$Params -> b.e.m.c$a:
    android.text.TextPaint mPaint -> a
    int mHyphenationFrequency -> d
    android.text.TextDirectionHeuristic mTextDir -> b
    int mBreakStrategy -> c
    boolean equalsWithoutTextDirection(androidx.core.text.PrecomputedTextCompat$Params) -> a
    int getBreakStrategy() -> a
    int getHyphenationFrequency() -> b
    android.text.TextDirectionHeuristic getTextDirection() -> c
    android.text.TextPaint getTextPaint() -> d
androidx.core.text.PrecomputedTextCompat$Params$Builder -> b.e.m.c$a$a:
    android.text.TextPaint mPaint -> a
    int mHyphenationFrequency -> d
    android.text.TextDirectionHeuristic mTextDir -> b
    int mBreakStrategy -> c
    androidx.core.text.PrecomputedTextCompat$Params build() -> a
    androidx.core.text.PrecomputedTextCompat$Params$Builder setBreakStrategy(int) -> a
    androidx.core.text.PrecomputedTextCompat$Params$Builder setTextDirection(android.text.TextDirectionHeuristic) -> a
    androidx.core.text.PrecomputedTextCompat$Params$Builder setHyphenationFrequency(int) -> b
androidx.core.text.TextDirectionHeuristicCompat -> b.e.m.d:
    boolean isRtl(java.lang.CharSequence,int,int) -> a